|SourceProjectName:IM 43 Help.hpr
|DestinationProjectName:im_43_help.htm
whhost.js
whmsg.js
whmozemu.js
whproxy.js
whstub.js
whutils.js
whver.js
whform.js
whphost.js
whstart.js
whtopic.js
whframes.js
whlang.js
whskin_info.htm
whskin_blank.htm
whskin_pickup.htm
whskin_homepage.htm
whskin_tw.htm
whnjs.htm
whthost.js
whtdhtml.htm
whihost.js
whibody.htm
whiform.htm
whfhost.js
whfbody.htm
whfform.htm
whghost.js
whgbody.htm
whgdhtml.htm
whgdef.htm
whproj.js
whproj.xml
whproj.htm
whxdata\whtoc.xml
whxdata\whidx.xml
whxdata\whfts.xml
whxdata\whglo.xml
whdata\whtoc.js
whdata\whtoc.htm
whdata\whtdata.js
whdata\whidx.js
whdata\whidx.htm
whdata\whidata.js
whdata\whfts.js
whdata\whfts.htm
whdata\whglo.js
whdata\whglo.htm
whdata\whgdata.js
whdata\whftdata.js
whdata\whfwdata.js
whres.xml
webhelp.jar
webhelp.cab
whgdata\whnvp30.htm
whgdata\whnvp31.htm
whgdata\whnvp32.htm
whgdata\whnvp33.htm
whgdata\whnvt30.htm
whgdata\whnvt31.htm
whgdata\whnvt32.htm
whgdata\whnvt33.htm
whgdata\whnvf30.htm
whgdata\whnvf31.htm
whgdata\whnvf32.htm
whgdata\whnvf33.htm
whgdata\whnvl31.htm
whgdata\whnvl32.htm
whgdata\whnvl33.htm
whgdata\whexpbar.gif
cshdat_webhelp.htm
whcsh_home.htm
whcshdata.htm
cshdat_robohelp.htm
wht_tab0.gif
wht_tab1.gif
wht_tab2.gif
wht_tab3.gif
wht_tab4.gif
wht_tab5.gif
wht_tab6.gif
wht_tab7.gif
wht_tab8.gif
wht_glo_h.gif
wht_glo_n.gif
wht_fts_h.gif
wht_fts_n.gif
wht_idx_h.gif
wht_idx_n.gif
wht_toc_h.gif
wht_toc_n.gif
wht_ws.gif
wht_ws_g.gif
wht_logo1.gif
wht_logo2.gif
wht_abgw.jpg
wht_abgi.jpg
wht_abge.jpg
wht_abtw.jpg
wht_abte.jpg
wht_abti.jpg
wht_spac.gif
wht_next.gif
wht_next_g.gif
wht_prev.gif
wht_prev_g.gif
wht_sync.gif
wht_hide.gif
wht_go.gif
whstart.ico
whestart.ico
whrstart.ico
whidhtml.htm
whfdhtml.htm
whskin_banner.htm
whtbar.js
blueback.gif
content.gif
index.gif
search.gif
other_index.gif
websearch.gif
go.gif
leftarrow.gif
r01.gif
rightarrow.gif
r02.gif
directional.gif
close.gif
urls.gif
book_closed.gif
bookopen.gif
page.gif
xp_blue.skn
whskin_pdhtml.htm
whskin_papplet.htm
whskin_plist.htm
whskin_tbars.htm
whskin_mbars.htm
whskin_frmset010.htm
whst_topics.xml
whskin_frmset01.htm
im_43_helpa.hhk
im_43_help.hhc
im_43_help.hhk
getting_started\logon\logging_into_information_manager.htm
getting_started\changing_the_layout_of_information_manager\changing_the_layout_of_information_manager.htm
getting_started\changing_the_layout_of_information_manager\pod_controls.htm
getting_started\changing_the_layout_of_information_manager\hiding_restoring_the_information_manager_title_bar.htm
getting_started\changing_the_layout_of_information_manager\interactive_pods.htm
getting_started\searching\searching_and_finding.htm
getting_started\searching\find_enquiry.htm
getting_started\searching\find_roadworks.htm
getting_started\searching\show_results_on_a_report.htm
business_areas\business_areas_tab.htm
map_tab.htm
map_tab\navigating_around_the_map.htm
map_tab\finding_a_location_on_the_map.htm
map_tab\map_legend.htm
map_tab\print_map.htm
map_tab\map_info_tips.htm
interactive_pods_and_reports.htm
interactive_pods\displaying_chart_values.htm
interactive_pods\using_drill_down_functionality.htm
interactive_pods\using_the_calendar_date_picker.htm
interactive_reports\using_interactive_reports\using_interactive_reports.htm
interactive_reports\using_interactive_reports\search_bar.htm
interactive_reports\actions_menu\actions_menu.htm
interactive_reports\actions_menu\_select_columns.htm
interactive_reports\actions_menu\filter.htm
interactive_reports\actions_menu\sort.htm
interactive_reports\actions_menu\_control_break.htm
interactive_reports\actions_menu\highlight.htm
interactive_reports\calculations\compute.htm
interactive_reports\calculations\aggregate.htm
interactive_reports\charts\chart.htm
interactive_reports\actions_menu\flashback.htm
interactive_reports\actions_menu\_save_report.htm
interactive_reports\actions_menu\reset.htm
interactive_reports\actions_menu\download.htm
interactive_reports\column_headings_menu\column_headings_menu.htm
interactive_reports\column_headings_menu\hide_column.htm
interactive_reports\viewing_reports\single_row_view.htm
interactive_reports\viewing_reports\viewing_document_associations.htm
interactive_reports\viewing_reports\viewing_items_on_the_map.htm
query_builder.htm
queries\building_an_ad_hoc_query.htm
queries\query_operators\query_operators.htm
queries\_saving_an_ad_hoc_query.htm
queries\_executing_a_query.htm
queries\running_a_saved_query.htm
configuring_user_tabs\configuring_user_tabs.htm
configuring_user_tabs\the_pod_library.htm
configuring_user_tabs\changing_the_order_and_naming_of_user_tabs.htm
enquiry_manager_worktray\enquiry_manager_worktray.htm
enquiry_manager_worktray\enquiry_manager_worktray_homepage.htm
enquiry_manager_worktray\reviewing_enquiries\enquiries_in_progress.htm
enquiry_manager_worktray\reviewing_enquiries\enquiries_at_received_status.htm
enquiry_manager_worktray\reviewing_enquiries\quick_edit.htm
enquiry_manager_worktray\reviewing_enquiries\enquiry_manager_summary.htm
enquiry_manager_worktray\editing_enquiry_details\enquiry_manager_detail.htm
enquiry_manager_worktray\editing_enquiry_details\enquiry_id.htm
enquiry_manager_worktray\toolbar\toolbar.htm
enquiry_manager_worktray\toolbar\raise_defect\raise_defect.htm
enquiry_manager_worktray\tabs\enquiry_details_tab.htm
enquiry_manager_worktray\tabs\contact_details_tab.htm
enquiry_manager_worktray\tabs\dates_tab.htm
enquiry_manager_worktray\tabs\history_tab.htm
enquiry_manager_worktray\tabs\defects_tab.htm
work_order_authorisation_and_instruction_worktray\work_order_authorisation_and_instruction_worktray.htm
work_order_authorisation_and_instruction_worktray\work_order_authorisation_and_instruction_worktray_homepage.htm
work_order_authorisation_and_instruction_worktray\work_order_worktray_additional_functional_areas.htm
appendix_1\find_roadworks_likely_impact_algorithm.htm
appendix_1\scoring\determine_works_score_.htm
welcome.htm
ehlpdhtm.js
information_manager_v4_3_help_file_v0_9_rtf.css
images\img00001.gif
images\img00002.gif
images\img00003.gif
images\ebx_444685062.gif
images\img00004.gif
images\img00005.gif
images\img00006.gif
images\ebx_-2119209979.gif
images\ebx_1529156234.gif
images\img00007.gif
images\img00008.gif
images\img00009.gif
images\img00010.gif
images\img00011.gif
images\img00012.gif
images\img00013.gif
images\ebx_-342804516.gif
images\img00014.gif
images\img00015.gif
images\img00016.gif
images\img00017.gif
images\img00018.gif
images\ebx_1058814962.gif
images\img00019.gif
images\img00020.gif
images\img00021.gif
images\img00022.gif
images\img00023.gif
images\img00024.gif
images\img00025.gif
images\img00026.gif
images\img00027.gif
images\img00028.gif
images\img00029.gif
images\img00030.gif
images\img00031.gif
images\img00032.gif
images\img00033.gif
images\ebx_1235991435.gif
images\img00034.gif
images\img00035.gif
images\img00036.gif
images\img00037.gif
images\img00038.gif
images\img00039.gif
images\img00040.gif
images\img00041.gif
images\img00042.gif
images\img00043.gif
images\img00044.gif
images\img00045.gif
images\img00046.gif
images\ebx_-188206622.gif
images\img00047.gif
images\img00049.gif
images\img00048.gif
images\img00050.gif
images\img00051.gif
images\img00052.gif
images\img00053.gif
images\img00054.gif
images\img00055.gif
images\img00056.gif
images\img00057.gif
images\img00058.gif
images\img00059.gif
images\img00060.gif
images\img00061.gif
images\img00062.gif
images\img00063.gif
images\img00064.gif
images\img00065.gif
images\img00066.gif
images\img00067.gif
images\img00068.gif
images\img00069.gif
images\img00070.gif
images\img00071.gif
images\img00072.gif
images\img00073.gif
images\img00074.gif
images\img00075.gif
images\img00076.gif
images\img00077.gif
images\img00078.gif
images\img00079.gif
images\img00080.gif
images\img00081.gif
images\img00082.gif
images\img00083.gif
images\img00084.gif
images\img00085.gif
images\img00086.gif
images\img00087.gif
images\img00088.gif
images\img00089.gif
images\img00090.gif
images\img00091.gif
images\img00092.gif
images\img00093.gif
images\img00094.gif
images\img00095.gif
images\img00096.gif
images\img00097.gif
images\img00098.gif
images\img00099.gif
images\img00100.gif
images\img00101.gif
images\img00102.gif
images\img00103.gif
images\img00104.gif
images\img00105.gif
images\img00106.gif
images\img00107.gif
images\img00108.gif
images\img00109.gif
images\img00110.gif
images\img00111.gif
images\img00112.gif
images\img00113.gif
images\img00114.gif
images\img00115.gif
images\img00116.gif
images\img00117.gif
images\img00118.gif
images\img00119.gif
images\img00120.gif
images\img00121.gif
images\img00122.gif
images\img00123.gif
images\img00124.gif
images\img00125.gif
images\img00126.gif
images\img00127.gif
images\img00128.gif
images\img00129.gif
images\img00130.gif
images\img00131.gif
images\img00132.gif
images\img00133.gif
images\img00134.gif
images\img00135.gif
images\img00136.gif
images\img00137.gif
images\img00138.gif
images\img00139.gif
images\img00140.gif
images\img00141.gif
images\img00142.gif
images\img00143.gif
images\img00144.gif
images\img00145.gif
images\img00146.gif
images\img00147.gif
images\img00148.gif
images\img00149.gif
images\img00150.gif
images\img00151.gif
images\img00152.gif
images\img00153.gif
images\img00154.gif
images\img00155.gif
images\img00156.gif
images\img00157.gif
images\img00158.gif
images\img00159.gif
images\img00160.gif
images\img00161.gif
images\img00162.gif
images\img00163.gif
images\ebx_1382903118.gif
images\img00164.gif
images\img00165.gif
images\img00166.gif
images\img00167.gif
images\img00168.gif
images\img00169.gif
images\img00170.gif
images\img00171.gif
images\img00172.gif
images\img00173.gif
images\img00174.gif
images\img00175.gif
images\img00176.gif
images\img00177.gif
images\img00179.gif
images\img00178.gif
images\img00180.gif
images\img00181.gif
images\img00182.gif
images\img00183.gif
images\img00184.gif
images\img00185.gif
images\img00186.gif
information_manager_user_v4_3_cover_rtf.css
images\ebx_-710620770.gif
images\ebx_1266052699.gif
images\img00189.gif
information_manager_v4_3_help_file_v0_9_rtf_ns.css
information_manager_user_v4_3_cover_rtf_ns.css
whxdata\whtdata0.xml
whxdata\whidata0.xml
whxdata\whftdata0.xml
whxdata\whfwdata0.xml
whdata\whtdata0.htm
whdata\whidata0.htm
whdata\whftdata0.htm
whdata\whfwdata0.htm
whgdata\whlstt0.htm
whgdata\whlstt1.htm
whgdata\whlstt2.htm
whgdata\whlstt3.htm
whgdata\whlstt4.htm
whgdata\whlstt5.htm
whgdata\whlstt6.htm
whgdata\whlstt7.htm
whgdata\whlstt8.htm
whgdata\whlstt9.htm
whgdata\whlstt10.htm
whgdata\whlstt11.htm
whgdata\whlstt12.htm
whgdata\whlstt13.htm
whgdata\whlstt14.htm
whgdata\whlstt15.htm
whgdata\whlstt16.htm
whgdata\whlstt17.htm
whgdata\whlstt18.htm
whgdata\whlstt19.htm
whgdata\whlstt20.htm
whgdata\whlstt21.htm
whgdata\whlstt22.htm
whgdata\whlstt23.htm
whgdata\whlstt24.htm
whgdata\whlstt25.htm
whgdata\whlstt26.htm
whgdata\whlstt27.htm
whgdata\whlsti0.htm
whgdata\whlstfl0.htm
whgdata\whlstfl1.htm
whgdata\whlstfl2.htm
whgdata\whlstfl3.htm
whgdata\whlstfl4.htm
whgdata\whlstfl5.htm
whgdata\whlstfl6.htm
whgdata\whlstfl7.htm
whgdata\whlstfl8.htm
whgdata\whlstfl9.htm
whgdata\whlstfl10.htm
whgdata\whlstfl11.htm
whgdata\whlstfl12.htm
whgdata\whlstfl13.htm
whgdata\whlstfl14.htm
whgdata\whlstfl15.htm
whgdata\whlstfl16.htm
whgdata\whlstfl17.htm
whgdata\whlstfl18.htm
whgdata\whlstfl19.htm
whgdata\whlstfl20.htm
whgdata\whlstfl21.htm
whgdata\whlstfl22.htm
whgdata\whlstfl23.htm
whgdata\whlstf0.htm
whgdata\whlstf1.htm
whgdata\whlstf2.htm
whgdata\whlstf3.htm
whgdata\whlstf4.htm
whgdata\whlstf5.htm
whgdata\whlstf6.htm
whgdata\whlstf7.htm
whgdata\whlstf8.htm
whgdata\whlstf9.htm
whgdata\whlstf10.htm
whgdata\whlstg0.htm
im_43_help.htm
im_43_help_csh.htm
im_43_help_rhc.htm
