
Fix Date 20-FEB-2013 14:38:01                                                                                           

Install Running on highways@namstrn.cslnamsora02 - DB ver : 11.2.0.2.0                                                  

Current version of HIG 4.5.0.0                                                                                          
Current version of NET 4.5.0.0                                                                                          
f1000.sql
APPLICATION 1000 - im_framework
Set Credentials...
Check Compatibility...
API Last Extended:20090112                                                                                              
Your Current Version:20090112                                                                                           
This import is compatible with version: 20090112                                                                        
COMPATIBLE (You should be able to run this import without issues.)                                                      
Set Application ID...
...authorization schemes
...navigation bar entries
...application processes
...application items
...application level computations
...Application Tabs
...Application Parent Tabs
...Shared Lists of values
...Application Trees
...page groups
...comments: requires application express 2.2 or higher
...PAGE 0: Page 0
...PAGE 1: Home
...PAGE 2: business area
...PAGE 3: Page 3
...PAGE 4: Map
...PAGE 5: Help
...PAGE 6: Drill Downs
...PAGE 7: Document Associations
...PAGE 8: WO Document Associations
...PAGE 9: Page 9
...PAGE 10: Update IM_PODS_DEFAULT_STATE
...PAGE 11: Report 1
...PAGE 12: Report 1
...PAGE 13: Report 1
...PAGE 14: Update HIG_PRODUCTS
...PAGE 15: test
...PAGE 16: POD Source backup
...PAGE 20: dummy
...PAGE 21: Drill Downs
...PAGE 29: ian test
...PAGE 40: Page 4
...PAGE 77: Modal Page 1
...PAGE 80: Generic Search
...PAGE 81: Generic Search Results
...PAGE 82: Saved Search
...PAGE 101: Login
...PAGE 199: test page
...PAGE 200: User1
...PAGE 205: User2
...PAGE 210: User3
...PAGE 215: User4
...PAGE 220: User5
...PAGE 225: User6
...PAGE 230: User7
...PAGE 235: User8
...PAGE 240: User9
...PAGE 245: User10
...PAGE 300: POD Import
...PAGE 555: Page 5
...PAGE 700: export PODS
...PAGE 800: User Configuration
...PAGE 810: Pod Selection
...PAGE 900: Administration
...PAGE 910: Business Areas
...PAGE 911: Business Area Modules
...PAGE 920: Product Options
...PAGE 930: Map Themes
...PAGE 931: Map Themes backup
...PAGE 935: Theme Columns
...PAGE 940: Item Help
...PAGE 950: IM Error Messages
...PAGE 960: Site URLs
...PAGE 970: Substitutions
...PAGE 980: Define Search Tables
...PAGE 981: Define Columns to Search on
...PAGE 990: Update IM_TABS
...PAGE 995: PODS
...PAGE 996: POD Source
...PAGE 997: Chart Details
...PAGE 998: dummy
...PAGE 6666: Drill Downs - backup
...PAGE 9001: Home copy
...PAGE 9002: Report 1
...PAGE 10000: PAGE ZERO
...PAGE 81111: Generic Search Results backup
...lists
...breadcrumbs
...page templates for application: 1000
......Page template 15588216879933525
......Page template 15695220996382425
......Page template 16454018838282747
......Page template 16611426527598638
......Page template 21077367476339656
......Page template 21153355302752215
......Page template 21165853895848934
......Page template 6919158506826771849
...button templates
......Button Template 6919157294359768254
...region templates
......region template 10295800071111326
......region template 16392037416998491
......region template 16600920642846533
......region template 20076248653689188
......region template 21005251966478417
......region template 21005950786743071
......region template 21050762175715212
......region template 21154752464921731
......region template 21169563370801218
......region template 22100392364788926
......region template 6919158978906773331
...List Templates
......list template 21009666163532801
......list template 21014367230760251
...report templates
......report template 21029679435434298
......report template 21043354970392946
......report template 21046180073111839
...label templates
......label template 21044965388672298
......label template 21045059649672303
......label template 21045158761672303
......label template 21045279495672303
......label template 21045351862672303
...breadcrumb templates
......template 21168571731790046
...popup list of values templates
......template 21042871154390156
...calendar templates
......template 21144753245364293
......template 21144965353364298
...application themes
......theme 6919104504439723930
...build options used by application 1000
...messages used by application: 1000
...dynamic translations used by application: 1000
...Language Maps for Application 1000
...Shortcuts
...web services (9iR2 or better)
...shared queries
...report layouts
...authentication schemes
......scheme 22099971511527390
......scheme 6918967786409608000
......scheme 6918968279454608000
......scheme 6918968808915608001
...done
f512.sql
APPLICATION 512 - WO_WORKTRAY_TFL
Set Credentials...
Check Compatibility...
API Last Extended:20090112                                                                                              
Your Current Version:20090112                                                                                           
This import is compatible with version: 20090112                                                                        
COMPATIBLE (You should be able to run this import without issues.)                                                      
Set Application ID...
...authorization schemes
...navigation bar entries
...application processes
...application items
...application level computations
...Application Tabs
...Application Parent Tabs
...Shared Lists of values
...Application Trees
...page groups
...comments: requires application express 2.2 or higher
...PAGE 0: 0
...PAGE 1: Work Orders
...PAGE 3: Work Order - Draft Status (NON LS)
...PAGE 4: Map
...PAGE 5: Help
...PAGE 7: Document Associations
...PAGE 8: WO Document Associations
...PAGE 9: Re Submitted Work Orders
...PAGE 10: Work Orders to Instruct
...PAGE 11: BOQ_Items
...PAGE 12: WO Lines
...PAGE 13: Work Order - Draft Status (LS)
...PAGE 14: BOQ_Items
...PAGE 16: Home
...PAGE 20: Work Orders Extension of Time
...PAGE 30: Work Order Lines
...PAGE 40: Application Review
...PAGE 60: Application Status
...PAGE 101: Login
...PAGE 200: Work Order Users
...PAGE 201: Edit Work Order Users
...PAGE 202: User Road Groups
...PAGE 203: Work Order User Work Codes
...PAGE 1010: Work Orders tfl backup
...lists
...breadcrumbs
...page templates for application: 512
......Page template 21901087739158782
......Page template 23296117190746730
......Page template 79690196167672267
......Page template 79690283141672273
......Page template 79690387098672275
......Page template 79690486099672275
......Page template 79690593944672275
......Page template 79690700470672275
......Page template 79690777974672275
......Page template 79690879662672275
......Page template 79690977104672276
...button templates
......Button Template 79691087095672276
......Button Template 79691207584672281
......Button Template 79691282581672281
......Button Template 79691401142672281
...region templates
......region template 21956677307702880
......region template 48845599042209758
......region template 79691496883672281
......region template 79691589241672289
......region template 79691687938672290
......region template 79691805273672290
......region template 79691876575672290
......region template 79691986616672290
......region template 79692106208672290
......region template 79692198968672290
......region template 79692279706672290
......region template 79692386224672290
......region template 79692477893672290
......region template 79692604849672290
......region template 79692684547672290
......region template 79692782820672290
......region template 79692883954672290
......region template 79692990380672290
......region template 79693103194672292
......region template 79693195725672292
......region template 79693307533672292
......region template 79693404424672292
......region template 79693505626672292
......region template 79693578218672292
...List Templates
......list template 79693691421672292
......list template 79693797445672296
......list template 79693885397672296
......list template 79693991689672298
......list template 79694101830672298
......list template 79694200180672298
......list template 79694285713672298
......list template 79694384085672298
......list template 79694497735672300
......list template 79694575708672301
......list template 79694686563672301
......list template 79694803105672301
......list template 79694899377672301
......list template 79694986990672301
......list template 79695095946672301
......list template 79695187059672301
......list template 79695291370672301
...report templates
......report template 79695394795672301
......report template 79695483726672306
......report template 79695596628672306
......report template 79695693538672306
......report template 79695793619672306
......report template 79695901145672306
......report template 79695997655672306
...label templates
......label template 23022315507001349
......label template 79696095379672307
......label template 79696197138672312
......label template 79696293461672312
......label template 79696392680672312
......label template 79696490687672312
...breadcrumb templates
......template 79696590950672312
......template 79696676424672396
...popup list of values templates
......template 79697400907672407
...calendar templates
......template 79696804567672396
......template 79696986772672406
......template 79697189029672406
...application themes
......theme 79697478738672411
...build options used by application 512
...messages used by application: 512
...dynamic translations used by application: 512
...Language Maps for Application 512
...Shortcuts
...web services (9iR2 or better)
...shared queries
...report layouts
...authentication schemes
......scheme 22246791850190591
......scheme 77674391798997439
......scheme 77674470526997441
......scheme 77674586048997441
...done
hig_modules.sql

1 row merged.


1 row merged.


1 row merged.


1 row merged.


1 row merged.


1 row merged.


1 row merged.


1 row merged.


1 row merged.


1 row merged.


1 row merged.


1 row merged.


1 row merged.


1 row merged.


1 row merged.


1 row merged.


1 row merged.


1 row merged.


1 row merged.


1 row merged.


1 row merged.


1 row merged.


1 row merged.


1 row merged.


1 row merged.


1 row merged.


1 row merged.


1 row merged.


1 row merged.


1 row merged.


1 row merged.


1 row merged.


1 row merged.


1 row merged.


1 row merged.


1 row merged.


1 row merged.


1 row merged.


1 row merged.


1 row merged.


1 row merged.


1 row merged.


1 row merged.


1 row merged.


1 row merged.


1 row merged.


1 row merged.


1 row merged.


1 row merged.


1 row merged.


1 row merged.


1 row merged.


1 row merged.


Commit complete.

hig_module_roles.sql

1 row merged.


1 row merged.


1 row merged.


1 row merged.


1 row merged.


1 row merged.


1 row merged.


1 row merged.


1 row merged.


1 row merged.


1 row merged.


1 row merged.


1 row merged.


1 row merged.


1 row merged.


1 row merged.


1 row merged.


1 row merged.


1 row merged.


1 row merged.


1 row merged.


1 row merged.


1 row merged.


1 row merged.


1 row merged.


1 row merged.


1 row merged.


1 row merged.


1 row merged.


1 row merged.


1 row merged.


1 row merged.


1 row merged.


1 row merged.


1 row merged.


1 row merged.


1 row merged.


1 row merged.


1 row merged.


1 row merged.


1 row merged.


1 row merged.


1 row merged.


1 row merged.


1 row merged.


1 row merged.


1 row merged.


1 row merged.


1 row merged.


1 row merged.


1 row merged.


1 row merged.


1 row merged.


1 row merged.


1 row merged.


1 row merged.


1 row merged.


1 row merged.


1 row merged.


1 row merged.


1 row merged.


1 row merged.


1 row merged.


1 row merged.


1 row merged.


1 row merged.


1 row merged.


1 row merged.


1 row merged.


1 row merged.


Commit complete.

im_pods.sql
SP2-0734: unknown command beginning "SSET DEFIN..." - rest of line ignored.

1 row merged.


1 row merged.


1 row merged.


1 row merged.


1 row merged.


1 row merged.


1 row merged.


1 row merged.


1 row merged.


1 row merged.


1 row merged.


1 row merged.


1 row merged.


1 row merged.


1 row merged.


1 row merged.


1 row merged.


1 row merged.


1 row merged.


1 row merged.


1 row merged.


1 row merged.


1 row merged.


1 row merged.


1 row merged.


1 row merged.


1 row merged.


1 row merged.


1 row merged.


1 row merged.


1 row merged.


1 row merged.


1 row merged.


1 row merged.


1 row merged.


1 row merged.


1 row merged.


1 row merged.


1 row merged.


1 row merged.


1 row merged.


1 row merged.


1 row merged.


1 row merged.


1 row merged.


1 row merged.


1 row merged.


1 row merged.


1 row merged.


1 row merged.


1 row merged.


1 row merged.


1 row merged.


Commit complete.

im_pod_sql.sql

1 row merged.


1 row merged.


1 row merged.


1 row merged.


1 row merged.


1 row merged.


1 row merged.


1 row merged.


1 row merged.


1 row merged.


1 row merged.


1 row merged.


1 row merged.


1 row merged.


1 row merged.


1 row merged.


1 row merged.


1 row merged.


1 row merged.


1 row merged.


1 row merged.


1 row merged.


1 row merged.


1 row merged.


1 row merged.


1 row merged.


1 row merged.


1 row merged.


1 row merged.


1 row merged.


1 row merged.


1 row merged.


1 row merged.


1 row merged.


1 row merged.


1 row merged.


1 row merged.


1 row merged.


1 row merged.


1 row merged.


1 row merged.


1 row merged.


1 row merged.


1 row merged.


1 row merged.


1 row merged.


1 row merged.


1 row merged.


1 row merged.


1 row merged.


1 row merged.


1 row merged.


1 row merged.


1 row merged.


1 row merged.


1 row merged.


1 row merged.


1 row merged.


1 row merged.


1 row merged.


1 row merged.


1 row merged.


1 row merged.


1 row merged.


1 row merged.


1 row merged.


1 row merged.


1 row merged.


1 row merged.


1 row merged.


1 row merged.


1 row merged.


1 row merged.


1 row merged.


1 row merged.


1 row merged.


1 row merged.


1 row merged.


1 row merged.


1 row merged.


1 row merged.


1 row merged.


1 row merged.


1 row merged.


1 row merged.


1 row merged.


1 row merged.


1 row merged.


1 row merged.


1 row merged.


1 row merged.


1 row merged.


1 row merged.


1 row merged.


1 row merged.


1 row merged.


1 row merged.


1 row merged.


1 row merged.


1 row merged.


1 row merged.


1 row merged.


1 row merged.


1 row merged.


1 row merged.


1 row merged.


1 row merged.


1 row merged.


1 row merged.


1 row merged.


1 row merged.


1 row merged.


1 row merged.


1 row merged.


1 row merged.


1 row merged.


1 row merged.


1 row merged.


1 row merged.


1 row merged.


1 row merged.


1 row merged.


1 row merged.


Commit complete.

im_pod_chart.sql

1 row merged.


1 row merged.


1 row merged.


1 row merged.


1 row merged.


1 row merged.


1 row merged.


1 row merged.


1 row merged.


1 row merged.


1 row merged.


1 row merged.


1 row merged.


1 row merged.


1 row merged.


1 row merged.


1 row merged.


1 row merged.


1 row merged.


1 row merged.


1 row merged.


1 row merged.


1 row merged.


Commit complete.

im_user_tabs.sql

19 rows deleted.


1 row created.


1 row created.


1 row created.


1 row created.


1 row created.


1 row created.


1 row created.


1 row created.


1 row created.


1 row created.


1 row created.


1 row created.


1 row created.


1 row created.


1 row created.


1 row created.


1 row created.


1 row created.


1 row created.


Commit complete.

im_user_pods.sql

76 rows deleted.


1 row created.


1 row created.


1 row created.


1 row created.


1 row created.


1 row created.


1 row created.


1 row created.


1 row created.


1 row created.


1 row created.


1 row created.


1 row created.


1 row created.


1 row created.


1 row created.


1 row created.


1 row created.


1 row created.


1 row created.


1 row created.


1 row created.


1 row created.


1 row created.


1 row created.


1 row created.


1 row created.


1 row created.


1 row created.


1 row created.


1 row created.


1 row created.


1 row created.


1 row created.


1 row created.


1 row created.


1 row created.


1 row created.


1 row created.


1 row created.


1 row created.


1 row created.


1 row created.


1 row created.


1 row created.


1 row created.


1 row created.


1 row created.


1 row created.


1 row created.


1 row created.


1 row created.


1 row created.


1 row created.


1 row created.


1 row created.


1 row created.


1 row created.


1 row created.


1 row created.


1 row created.


1 row created.


1 row created.


1 row created.


1 row created.


1 row created.


1 row created.


1 row created.


1 row created.


1 row created.


1 row created.


1 row created.


1 row created.


1 row created.


1 row created.


1 row created.


Commit complete.

sortables.sql

1122 rows deleted.


1 row created.


1 row created.


1 row created.


1 row created.


1 row created.


1 row created.


1 row created.


1 row created.


1 row created.


1 row created.


1 row created.


1 row created.


1 row created.


1 row created.


1 row created.


1 row created.


1 row created.


1 row created.


1 row created.


1 row created.


1 row created.


1 row created.


1 row created.


1 row created.


1 row created.


1 row created.


1 row created.


1 row created.


1 row created.


1 row created.


1 row created.


1 row created.


1 row created.


1 row created.


1 row created.


1 row created.


1 row created.


1 row created.


1 row created.


1 row created.


1 row created.


1 row created.


1 row created.


1 row created.


1 row created.


1 row created.


1 row created.


1 row created.


1 row created.


1 row created.


1 row created.


1 row created.


1 row created.


1 row created.


1 row created.


1 row created.


1 row created.


1 row created.


1 row created.


1 row created.


1 row created.


1 row created.


1 row created.


1 row created.


1 row created.


1 row created.


1 row created.


1 row created.


1 row created.


1 row created.


1 row created.


1 row created.


1 row created.


1 row created.


1 row created.


1 row created.


1 row created.


1 row created.


1 row created.


1 row created.


1 row created.


1 row created.


1 row created.


1 row created.


1 row created.


1 row created.


1 row created.


1 row created.


1 row created.


1 row created.


1 row created.


1 row created.


1 row created.


1 row created.


1 row created.


1 row created.


1 row created.


1 row created.


1 row created.


1 row created.


1 row created.


1 row created.


1 row created.


1 row created.


1 row created.


1 row created.


1 row created.


1 row created.


1 row created.


1 row created.


1 row created.


1 row created.


1 row created.


1 row created.


1 row created.


1 row created.


1 row created.


1 row created.


1 row created.


1 row created.


1 row created.


1 row created.


1 row created.


1 row created.


1 row created.


1 row created.


1 row created.


1 row created.


1 row created.


1 row created.


1 row created.


1 row created.


1 row created.


1 row created.


1 row created.


1 row created.


1 row created.


1 row created.


1 row created.


1 row created.


1 row created.


1 row created.


1 row created.


1 row created.


1 row created.


1 row created.


1 row created.


1 row created.


1 row created.


1 row created.


1 row created.


1 row created.


1 row created.


1 row created.


1 row created.


1 row created.


1 row created.


1 row created.


1 row created.


1 row created.


1 row created.


1 row created.


1 row created.


1 row created.


1 row created.


1 row created.


1 row created.


1 row created.


1 row created.


1 row created.


1 row created.


1 row created.


1 row created.


1 row created.


1 row created.


1 row created.


1 row created.


1 row created.


1 row created.


1 row created.


1 row created.


1 row created.


1 row created.


1 row created.


1 row created.


1 row created.


1 row created.


1 row created.


1 row created.


1 row created.


1 row created.


1 row created.


1 row created.


1 row created.


1 row created.


1 row created.


1 row created.


1 row created.


1 row created.


1 row created.


1 row created.


1 row created.


1 row created.


1 row created.


1 row created.


1 row created.


1 row created.


1 row created.


1 row created.


1 row created.


1 row created.


1 row created.


1 row created.


1 row created.


1 row created.


1 row created.


1 row created.


1 row created.


1 row created.


1 row created.


1 row created.


1 row created.


1 row created.


1 row created.


1 row created.


1 row created.


1 row created.


1 row created.


1 row created.


1 row created.


1 row created.


1 row created.


1 row created.


1 row created.


1 row created.


1 row created.


1 row created.


1 row created.


1 row created.


1 row created.


1 row created.


1 row created.


1 row created.


1 row created.


1 row created.


1 row created.


1 row created.


1 row created.


1 row created.


1 row created.


1 row created.


1 row created.


1 row created.


1 row created.


1 row created.


1 row created.


1 row created.


1 row created.


1 row created.


1 row created.


1 row created.


1 row created.


1 row created.


1 row created.


1 row created.


1 row created.


1 row created.


1 row created.


1 row created.


1 row created.


1 row created.


1 row created.


1 row created.


1 row created.


1 row created.


1 row created.


1 row created.


1 row created.


1 row created.


1 row created.


1 row created.


1 row created.


1 row created.


1 row created.


1 row created.


1 row created.


1 row created.


1 row created.


1 row created.


1 row created.


1 row created.


1 row created.


1 row created.


1 row created.


1 row created.


1 row created.


1 row created.


1 row created.


1 row created.


1 row created.


1 row created.


1 row created.


1 row created.


1 row created.


1 row created.


1 row created.


1 row created.


1 row created.


1 row created.


1 row created.


1 row created.


1 row created.


1 row created.


1 row created.


1 row created.


1 row created.


1 row created.


1 row created.


1 row created.


1 row created.


1 row created.


1 row created.


1 row created.


1 row created.


1 row created.


1 row created.


1 row created.


1 row created.


1 row created.


1 row created.


1 row created.


1 row created.


1 row created.


1 row created.


1 row created.


1 row created.


1 row created.


1 row created.


1 row created.


1 row created.


1 row created.


1 row created.


1 row created.


1 row created.


1 row created.


1 row created.


1 row created.


1 row created.


1 row created.


1 row created.


1 row created.


1 row created.


1 row created.


1 row created.


1 row created.


1 row created.


1 row created.


1 row created.


1 row created.


1 row created.


1 row created.


1 row created.


1 row created.


1 row created.


1 row created.


1 row created.


1 row created.


1 row created.


1 row created.


1 row created.


1 row created.


1 row created.


1 row created.


1 row created.


1 row created.


1 row created.


1 row created.


1 row created.


1 row created.


1 row created.


1 row created.


1 row created.


1 row created.


1 row created.


1 row created.


1 row created.


1 row created.


1 row created.


1 row created.


1 row created.


1 row created.


1 row created.


1 row created.


1 row created.


1 row created.


1 row created.


1 row created.


1 row created.


1 row created.


1 row created.


1 row created.


1 row created.


1 row created.


1 row created.


1 row created.


1 row created.


1 row created.


1 row created.


1 row created.


1 row created.


1 row created.


1 row created.


1 row created.


1 row created.


1 row created.


1 row created.


1 row created.


1 row created.


1 row created.


1 row created.


1 row created.


1 row created.


1 row created.


1 row created.


1 row created.


1 row created.


1 row created.


1 row created.


1 row created.


1 row created.


1 row created.


1 row created.


1 row created.


1 row created.


1 row created.


1 row created.


1 row created.


1 row created.


1 row created.


1 row created.


1 row created.


1 row created.


1 row created.


1 row created.


1 row created.


1 row created.


1 row created.


1 row created.


1 row created.


1 row created.


1 row created.


1 row created.


1 row created.


1 row created.


1 row created.


1 row created.


1 row created.


1 row created.


1 row created.


1 row created.


1 row created.


1 row created.


1 row created.


1 row created.


1 row created.


1 row created.


1 row created.


1 row created.


1 row created.


1 row created.


1 row created.


1 row created.


1 row created.


1 row created.


1 row created.


1 row created.


1 row created.


1 row created.


1 row created.


1 row created.


1 row created.


1 row created.


1 row created.


1 row created.


1 row created.


1 row created.


1 row created.


1 row created.


1 row created.


1 row created.


1 row created.


1 row created.


1 row created.


1 row created.


1 row created.


1 row created.


1 row created.


1 row created.


1 row created.


1 row created.


1 row created.


1 row created.


1 row created.


1 row created.


1 row created.


1 row created.


1 row created.


1 row created.


1 row created.


1 row created.


1 row created.


1 row created.


1 row created.


1 row created.


1 row created.


1 row created.


1 row created.


1 row created.


1 row created.


1 row created.


1 row created.


1 row created.


1 row created.


1 row created.


1 row created.


1 row created.


1 row created.


1 row created.


1 row created.


1 row created.


1 row created.


1 row created.


1 row created.


1 row created.


1 row created.


1 row created.


1 row created.


1 row created.


1 row created.


1 row created.


1 row created.


1 row created.


1 row created.


1 row created.


1 row created.


1 row created.


1 row created.


1 row created.


1 row created.


1 row created.


1 row created.


1 row created.


1 row created.


1 row created.


1 row created.


1 row created.


1 row created.


1 row created.


1 row created.


1 row created.


1 row created.


1 row created.


1 row created.


1 row created.


1 row created.


1 row created.


1 row created.


1 row created.


1 row created.


1 row created.


1 row created.


1 row created.


1 row created.


1 row created.


1 row created.


1 row created.


1 row created.


1 row created.


1 row created.


1 row created.


1 row created.


1 row created.


1 row created.


1 row created.


1 row created.


1 row created.


1 row created.


1 row created.


1 row created.


1 row created.


1 row created.


1 row created.


1 row created.


1 row created.


1 row created.


1 row created.


1 row created.


1 row created.


1 row created.


1 row created.


1 row created.


1 row created.


1 row created.


1 row created.


1 row created.


1 row created.


1 row created.


1 row created.


1 row created.


1 row created.


1 row created.


1 row created.


1 row created.


1 row created.


1 row created.


1 row created.


1 row created.


1 row created.


1 row created.


1 row created.


1 row created.


1 row created.


1 row created.


1 row created.


1 row created.


1 row created.


1 row created.


1 row created.


1 row created.


1 row created.


1 row created.


1 row created.


1 row created.


1 row created.


1 row created.


1 row created.


1 row created.


1 row created.


1 row created.


1 row created.


1 row created.


1 row created.


1 row created.


1 row created.


1 row created.


1 row created.


1 row created.


1 row created.


1 row created.


1 row created.


1 row created.


1 row created.


1 row created.


1 row created.


1 row created.


1 row created.


1 row created.


1 row created.


1 row created.


1 row created.


1 row created.


1 row created.


1 row created.


1 row created.


1 row created.


1 row created.


1 row created.


1 row created.


1 row created.


1 row created.


1 row created.


1 row created.


1 row created.


1 row created.


1 row created.


1 row created.


1 row created.


1 row created.


1 row created.


1 row created.


1 row created.


1 row created.


1 row created.


1 row created.


1 row created.


1 row created.


1 row created.


1 row created.


1 row created.


1 row created.


1 row created.


1 row created.


1 row created.


1 row created.


1 row created.


1 row created.


1 row created.


1 row created.


1 row created.


1 row created.


1 row created.


1 row created.


1 row created.


1 row created.


1 row created.


1 row created.


1 row created.


1 row created.


1 row created.


1 row created.


1 row created.


1 row created.


1 row created.


1 row created.


1 row created.


1 row created.


1 row created.


1 row created.


1 row created.


1 row created.


1 row created.


1 row created.


1 row created.


1 row created.


1 row created.


1 row created.


1 row created.


1 row created.


1 row created.


1 row created.


1 row created.


1 row created.


1 row created.


1 row created.


1 row created.


1 row created.


1 row created.


1 row created.


1 row created.


1 row created.


1 row created.


1 row created.


1 row created.


1 row created.


1 row created.


1 row created.


1 row created.


1 row created.


1 row created.


1 row created.


1 row created.


1 row created.


1 row created.


1 row created.


1 row created.


1 row created.


1 row created.


1 row created.


1 row created.


1 row created.


1 row created.


1 row created.


1 row created.


1 row created.


1 row created.


1 row created.


1 row created.


1 row created.


1 row created.


1 row created.


1 row created.


1 row created.


1 row created.


1 row created.


1 row created.


1 row created.


1 row created.


1 row created.


1 row created.


1 row created.


1 row created.


1 row created.


1 row created.


1 row created.


1 row created.


1 row created.


1 row created.


1 row created.


1 row created.


1 row created.


1 row created.


1 row created.


1 row created.


1 row created.


1 row created.


1 row created.


1 row created.


1 row created.


1 row created.


1 row created.


1 row created.


1 row created.


1 row created.


1 row created.


1 row created.


1 row created.


1 row created.


1 row created.


1 row created.


1 row created.


1 row created.


1 row created.


1 row created.


1 row created.


1 row created.


1 row created.


1 row created.


1 row created.


1 row created.


1 row created.


1 row created.


1 row created.


1 row created.


1 row created.


1 row created.


1 row created.


1 row created.


1 row created.


1 row created.


1 row created.


1 row created.


1 row created.


1 row created.


1 row created.


1 row created.


1 row created.


1 row created.


1 row created.


1 row created.


1 row created.


1 row created.


1 row created.


1 row created.


1 row created.


1 row created.


1 row created.


1 row created.


1 row created.


1 row created.


1 row created.


1 row created.


1 row created.


1 row created.


1 row created.


1 row created.


1 row created.


1 row created.


1 row created.


1 row created.


1 row created.


1 row created.


1 row created.


1 row created.


1 row created.


1 row created.


1 row created.


1 row created.


1 row created.


1 row created.


1 row created.


1 row created.


1 row created.


1 row created.


1 row created.


1 row created.


1 row created.


1 row created.


1 row created.


1 row created.


1 row created.


1 row created.


1 row created.


1 row created.


1 row created.


1 row created.


1 row created.


1 row created.


1 row created.


1 row created.


1 row created.


1 row created.


1 row created.


1 row created.


1 row created.


1 row created.


1 row created.


1 row created.


1 row created.


1 row created.


1 row created.


1 row created.


1 row created.


1 row created.


1 row created.


1 row created.


1 row created.


1 row created.


1 row created.


1 row created.


1 row created.


1 row created.


1 row created.


1 row created.


1 row created.


1 row created.


1 row created.


1 row created.


1 row created.


1 row created.


1 row created.


1 row created.


1 row created.


1 row created.


1 row created.


1 row created.


1 row created.


1 row created.


1 row created.


1 row created.


1 row created.


1 row created.


1 row created.


1 row created.


1 row created.


1 row created.


1 row created.


1 row created.


1 row created.


1 row created.


1 row created.


1 row created.


1 row created.


1 row created.


1 row created.


1 row created.


1 row created.


1 row created.


1 row created.


1 row created.


1 row created.


1 row created.


1 row created.


1 row created.


1 row created.


1 row created.


1 row created.


1 row created.


1 row created.


1 row created.


1 row created.


1 row created.


1 row created.


1 row created.


1 row created.


1 row created.


1 row created.


1 row created.


1 row created.


1 row created.


1 row created.


1 row created.


1 row created.


1 row created.


1 row created.


1 row created.


1 row created.


1 row created.


1 row created.


1 row created.


1 row created.


1 row created.


1 row created.


1 row created.


1 row created.


1 row created.


1 row created.


1 row created.


1 row created.


1 row created.


1 row created.


1 row created.


1 row created.


1 row created.


1 row created.


1 row created.


1 row created.


1 row created.


1 row created.


1 row created.


1 row created.


1 row created.


1 row created.


1 row created.


1 row created.


1 row created.


1 row created.


1 row created.


1 row created.


1 row created.


1 row created.


1 row created.


1 row created.


1 row created.


1 row created.


1 row created.


1 row created.


1 row created.


1 row created.


1 row created.


1 row created.


1 row created.


1 row created.


1 row created.


1 row created.


1 row created.


1 row created.


1 row created.


1 row created.


1 row created.


1 row created.


1 row created.


1 row created.


1 row created.


1 row created.


1 row created.


1 row created.


1 row created.


1 row created.


1 row created.


1 row created.


1 row created.


1 row created.


1 row created.


1 row created.


1 row created.


1 row created.


1 row created.


1 row created.


1 row created.


1 row created.


1 row created.


1 row created.


1 row created.


1 row created.


1 row created.


1 row created.


1 row created.


1 row created.


1 row created.


1 row created.


1 row created.


1 row created.


1 row created.


1 row created.


1 row created.


1 row created.


1 row created.


1 row created.


1 row created.


1 row created.


1 row created.


1 row created.


1 row created.


1 row created.


1 row created.


1 row created.


1 row created.


1 row created.


1 row created.


1 row created.


1 row created.


1 row created.


1 row created.


1 row created.


1 row created.


1 row created.


1 row created.


1 row created.


1 row created.


1 row created.


1 row created.


1 row created.


1 row created.


1 row created.


1 row created.


1 row created.


1 row created.


1 row created.


1 row created.


1 row created.


1 row created.


1 row created.


1 row created.


1 row created.


1 row created.


1 row created.


1 row created.


1 row created.


1 row created.


1 row created.


1 row created.


1 row created.


1 row created.


1 row created.


1 row created.


1 row created.


1 row created.


1 row created.


1 row created.


1 row created.


1 row created.


1 row created.


Commit complete.

im_themes.sql

7 rows deleted.


1 row created.


1 row created.


1 row created.


1 row created.


1 row created.


1 row created.


1 row created.


Commit complete.

x_im511001.tab

PL/SQL procedure successfully completed.


Table created.

x_im511001_wo.tab

PL/SQL procedure successfully completed.


Table created.

x_im511002.tab

PL/SQL procedure successfully completed.


Table created.

x_im511002_wo.tab

PL/SQL procedure successfully completed.


Table created.

x_im511003.tab

PL/SQL procedure successfully completed.


Table created.

x_im511003_wo.tab

PL/SQL procedure successfully completed.


Table created.

im_chart_gen_3_10v45.pkb

Package body created.

x_tfl_woot.pkb

Package body created.

x_tfl_woot.pkh

Package created.

x_get_im_user_id.sql

Function created.

x_im_wo_has_doc.sql

Function created.


Grant succeeded.

im_4500_tfl.sqs

PL/SQL procedure successfully completed.

Creating Sequence 'X_IM511001_SEQ'

Sequence created.

Creating Sequence 'X_IM511002_SEQ'

Sequence created.

Creating Sequence 'X_IM511003_SEQ'

Sequence created.

c_pod_eop_requests.vw

View created.

c_pod_eot_requests.vw

View created.

c_pod_eot_updated.vw

View dropped.


View created.


Synonym dropped.


Synonym created.

c_pod_eot_updated_dd.vw

View created.

imf_mai_work_orders_all_attrib.vw

View created.


Comment created.


Comment created.


Comment created.


Comment created.


Comment created.


Comment created.


Comment created.


Comment created.


Comment created.


Comment created.


Comment created.


Comment created.


Comment created.


Comment created.


Comment created.


Comment created.


Comment created.


Comment created.


Comment created.


Comment created.


Comment created.


Comment created.


Comment created.


Comment created.


Comment created.


Comment created.


Comment created.


Comment created.


Comment created.


Comment created.


Comment created.


Comment created.


Comment created.


Comment created.


Comment created.


Comment created.


Comment created.


Comment created.


Comment created.


Comment created.


Comment created.


Comment created.


Comment created.


Comment created.


Comment created.


Comment created.


Comment created.


Comment created.


Comment created.


Comment created.


Comment created.


Comment created.


Comment created.


Comment created.


Comment created.


Comment created.


Comment created.


Comment created.


Comment created.


Comment created.


Comment created.


Comment created.


Comment created.


Comment created.


Comment created.


Comment created.


Comment created.


Comment created.


Comment created.


Comment created.


Comment created.


Comment created.


Comment created.


Comment created.


Comment created.


Comment created.


Comment created.


Comment created.


Comment created.


Comment created.


Comment created.


Comment created.


Comment created.


Comment created.


Comment created.


Comment created.


Comment created.


Comment created.


Comment created.


Comment created.


Comment created.


Comment created.


Comment created.


Comment created.


Comment created.


Comment created.


Comment created.


Comment created.


Comment created.


Comment created.


Comment created.


Comment created.


Comment created.


Comment created.


Comment created.


Comment created.


Comment created.


Comment created.


Comment created.


Comment created.


Comment created.


Comment created.


Comment created.


Comment created.


Comment created.


Comment created.


Comment created.


Comment created.


Comment created.


Comment created.


Comment created.


Comment created.


Comment created.


Comment created.


Comment created.


Comment created.


Comment created.


Comment created.


Comment created.


Comment created.


Comment created.


Comment created.


Comment created.


Comment created.


Comment created.


Comment created.


Comment created.


Comment created.


Comment created.


Comment created.


Comment created.


Comment created.


Comment created.


Comment created.


Comment created.


Comment created.


Comment created.


Comment created.


Comment created.


Comment created.


Comment created.


Comment created.


Comment created.


Comment created.


Comment created.


Comment created.


Comment created.


Comment created.


Comment created.


Comment created.


Comment created.


Comment created.


Comment created.


Comment created.


Comment created.


Comment created.


Comment created.


Comment created.


Comment created.


Comment created.


Comment created.


Comment created.


Comment created.


Comment created.


Comment created.


Comment created.


Comment created.


Comment created.


Comment created.


Comment created.


Comment created.


Comment created.


Comment created.


Comment created.


Comment created.


Comment created.


Comment created.


Comment created.


Comment created.


Comment created.


Comment created.


Comment created.


Comment created.


Comment created.


Comment created.


Comment created.


Comment created.


Comment created.


Comment created.


Comment created.


Comment created.


Comment created.


Comment created.


Comment created.


Comment created.


Comment created.


Comment created.


Comment created.


Comment created.


Comment created.


Comment created.


Comment created.


Comment created.


Comment created.


Comment created.


Comment created.


Comment created.


Comment created.


Comment created.


Comment created.


Comment created.


Comment created.


Comment created.


Comment created.


Comment created.


Comment created.


Comment created.


Comment created.


Comment created.


Comment created.


Comment created.


Comment created.


Comment created.


Comment created.


Comment created.


Comment created.


Synonym dropped.


Synonym created.


View altered.


View altered.

pod_budget_security.vw

View created.

pod_eot_requests.vw

View created.

pod_eot_updated.vw

View created.

pod_nm_element_security.vw

View created.

v_mai_wol_network.vw

View created.

wo_views.vw

View created.


View created.


Synonym created.


Synonym created.

work_due_to_be_cmp_no_def_base.vw

View created.

work_due_to_be_cmp_no_df_child.vw

View created.

x_im511001_wo_vw.vw

View created.

x_im511002_wo_vw.vw

View created.

x_im511003_wo_vw.vw

View created.

x_lohac_daterange_wk.vw

View created.

x_lohac_daterange_wodc.vw

View created.

x_lohac_daterange_wowt.vw

View created.

x_lohac_daterange_wowt003.vw

View created.

x_lohac_im_application_reveiw.vw

View created.

x_lohac_im_application_status.vw

View created.

x_lohac_im_im41035_pod.vw

View created.

x_lohac_im_im41036_pod.vw

View dropped.


View created.

x_lohac_im_im41037_pod.vw

View created.

x_lohac_im_im41038_pod.vw

View dropped.


View created.

x_wo_tfl_work_tray_im511001.vw

View created.

x_wo_tfl_work_tray_im511002.vw

View created.

x_wo_tfl_work_tray_im511003_ls.vw

Warning: View created with compilation errors.

x_wo_tfl_work_tray_im511003nls.vw

Warning: View created with compilation errors.

x_wo_tfl_work_tray_wow001.vw

View created.

x_wo_tfl_work_tray_wow002.vw

View created.

x_wo_tfl_wt_im511003_all.vw

View created.

x_wo_tfl_wt_im511003_ls.vw

Warning: View created with compilation errors.

x_wo_tfl_wt_im511003nls.vw

Warning: View created with compilation errors.

ximf_mai_work_order_lines.vw

View created.

ximf_mai_work_orders_all_attr.vw

View created.

x_tfl_ind.ind
process_metadata.sql

1 row created.


1 row created.


1 row created.


Commit complete.


1 row created.


1 row created.


1 row created.


Commit complete.

log_im_4500_tfl_fix1.sql

PL/SQL procedure successfully completed.

Executing the Compile_schema
